INFO:root:14:44:53 usuario1 envió mensaje
INFO:root:14:45:00 u2 envió mensaje
INFO:root:14:45:04 usuario1 envió mensaje
INFO:root:14:45:08 u3 envió mensaje
INFO:root:15:39:46 u1 envió mensaje
INFO:root:15:46:35 u1 envió mensaje
INFO:root:15:46:40 u2 envió mensaje
INFO:root:15:55:16 u1 envió mensaje
INFO:root:15:55:21 u2 envió mensaje
INFO:root:15:55:27 u1 envió mensaje
INFO:root:16:04:01 us1 envió mensaje
INFO:root:16:04:07 us2 envió mensaje
INFO:root:16:10:06 use1 envió mensaje
INFO:root:16:10:12 use2 envió mensaje
INFO:root:16:15:04 uu1 se ha conectado desde {direccion}
INFO:root:16:15:11 uu2 se ha conectado desde {direccion}
INFO:root:16:15:33 uu1 envió mensaje
INFO:root:16:16:25 uu1 envió mensaje
INFO:root:16:16:45 uu1 se ha desconectado
INFO:root:16:16:51 uu2 se ha desconectado
INFO:root:16:17:56 f1 se ha conectado desde {direccion}
INFO:root:16:18:05 f2 se ha conectado desde {direccion}
INFO:root:16:18:10 f1 envió mensaje
INFO:root:16:18:18 f2 envió mensaje
INFO:root:16:20:58 k1 se ha conectado desde {direccion}
INFO:root:16:21:04 k2 se ha conectado desde {direccion}
INFO:root:16:22:13 k1 se ha conectado desde {direccion}
INFO:root:16:22:20 k3 se ha conectado desde {direccion}
INFO:root:16:22:25 k1 envió mensaje
INFO:root:16:22:32 k3 envió mensaje
INFO:root:16:24:18 o1 se ha conectado desde ('127.0.0.1', 50172)
INFO:root:16:24:24 o2 se ha conectado desde ('127.0.0.1', 50179)
INFO:root:16:24:37 o1 envió mensaje
INFO:root:16:24:46 o2 envió mensaje
INFO:root:16:31:20 h se ha conectado desde ('127.0.0.1', 50251)
INFO:root:16:31:26 h envió mensaje
INFO:root:16:37:35 h se ha desconectado
INFO:root:16:44:44  se ha conectado desde ('127.0.0.1', 50383)
